5.091785772409334
5.966193875644301
4.654666570727031
6.403482821132029
10.072212391466783
9.062072516385205
7.749342528495708
8.69176364473606
7.3791776300671295
9.196740362780574
6.9754076552220825
7.581080725364235
6.706254491523897
9.264076301297386
6.941762336557123
9.095738974179422
9.264076301297386
7.581080725364235
6.235288065166536
7.278230609793024
7.850303635830607
6.5044036953576505
8.456133697215757
7.244582273690349
8.48979411119283
8.052234909042035
7.850303635830607
7.816649597907768
9.062072516385205
8.557115946205025
8.287836662209447
8.893745265008288
9.29774477442087
8.119548017752319
6.3025649624513225
7.31187928121662
7.076345622641222
6.874472704879821
6.941762336557123
5.966193875644301
7.984923142538744
7.210934272898832
8.018578858019536
8.186862468749576
7.210934272898832
8.254178262114158
7.816649597907768
6.706254491523897
6.538044656933801
7.951267762589142
8.321495397926792
7.480127668500626
7.480127668500626
7.345528287971276
7.3791776300671295
7.648384440312973
8.590777367259292
6.941762336557123
7.682036800929055
6.807184414005589
8.018578858019536
6.908117353113208
8.018578858019536
8.422473618910303
7.682036800929055
7.14363927720835
8.624439124025733
8.388813876266708
8.388813876266708
7.816649597907768
9.80281218770808
6.874472704879821
7.648384440312973
7.883958009245586
10.072212391466783
7.715689496986962
6.3025649624513225
8.65810121651486
8.254178262114158
7.614732415128204
8.018578858019536
6.739897463853699
7.715689496986962
9.028406394443966
8.893745265008288
9.196740362780574
8.523454860852791
8.994740608345568
8.759089508416361
9.028406394443966
